0 info it worked if it ends with ok
1 verbose cli [ '/Users/mbrocato/.nvm/versions/node/v6.8.1/bin/node',
1 verbose cli   '/Users/mbrocato/.nvm/versions/node/v6.8.1/bin/npm',
1 verbose cli   'start' ]
2 info using npm@3.10.8
3 info using node@v6.8.1
4 verbose run-script [ 'prestart', 'start', 'poststart' ]
5 info lifecycle sencha-pwa-server@1.0.0~prestart: sencha-pwa-server@1.0.0
6 silly lifecycle sencha-pwa-server@1.0.0~prestart: no script for prestart, continuing
7 info lifecycle sencha-pwa-server@1.0.0~start: sencha-pwa-server@1.0.0
8 verbose lifecycle sencha-pwa-server@1.0.0~start: unsafe-perm in lifecycle true
9 verbose lifecycle sencha-pwa-server@1.0.0~start: PATH: /Users/mbrocato/.nvm/versions/node/v6.8.1/lib/node_modules/npm/bin/node-gyp-bin:/Users/mbrocato/Code/SenchaCon2016/PWA/server/node_modules/.bin:/Users/mbrocato/.anyenv/envs/crenv/shims:/Users/mbrocato/.anyenv/envs/crenv/bin:/Users/mbrocato/.anyenv/bin:/Users/mbrocato/.sdkman/candidates/groovy/current/bin:/Users/mbrocato/.sdkman/candidates/gradle/current/bin:/Users/mbrocato/bin/Sencha/Cmd/6.0.2.14/..:/Users/mbrocato/bin/Sencha/Cmd/6.1.1.74/..:/Users/mbrocato/bin/Sencha/Cmd/6.0.2.14/..:/Users/mbrocato/bin/Sencha/Cmd/6.1.0.65/..:/Users/mbrocato/.nvm/versions/node/v6.8.1/bin:/Users/mbrocato/bin/Sencha/Cmd/6.0.2.14/..:/Users/mbrocato/bin/Sencha/Cmd/6.1.0.65/..:/Users/mbrocato/bin/Sencha/Cmd/6.0.2.14/..:/Users/mbrocato/bin/Sencha/Cmd/6.1.0.64/..:./node_modules/.bin:/Users/mbrocato/bin/Sencha/Cmd/6.0.1.76/..:/Users/mbrocato/bin/Sencha/Cmd:/Users/mbrocato/.rvm/gems/ruby-2.3.0/bin:/Users/mbrocato/.rvm/gems/ruby-2.3.0@global/bin:/Users/mbrocato/.rvm/rubies/ruby-2.3.0/bin:/Users/mbrocato/bin/:/usr/share/:/usr/local/bin:/usr/bin:/bin:/usr/sbin:/sbin:/opt/X11/bin:/Users/mbrocato/.rvm/bin:/Applications/BitRock InstallBuilder for OS X 16.7.0/bin
10 verbose lifecycle sencha-pwa-server@1.0.0~start: CWD: /Users/mbrocato/Code/SenchaCon2016/PWA/server
11 silly lifecycle sencha-pwa-server@1.0.0~start: Args: [ '-c', 'node .' ]
12 silly lifecycle sencha-pwa-server@1.0.0~start: Returned: code: 1  signal: null
13 info lifecycle sencha-pwa-server@1.0.0~start: Failed to exec start script
14 verbose stack Error: sencha-pwa-server@1.0.0 start: `node .`
14 verbose stack Exit status 1
14 verbose stack     at EventEmitter.<anonymous> (/Users/mbrocato/.nvm/versions/node/v6.8.1/lib/node_modules/npm/lib/utils/lifecycle.js:255:16)
14 verbose stack     at emitTwo (events.js:106:13)
14 verbose stack     at EventEmitter.emit (events.js:191:7)
14 verbose stack     at ChildProcess.<anonymous> (/Users/mbrocato/.nvm/versions/node/v6.8.1/lib/node_modules/npm/lib/utils/spawn.js:40:14)
14 verbose stack     at emitTwo (events.js:106:13)
14 verbose stack     at ChildProcess.emit (events.js:191:7)
14 verbose stack     at maybeClose (internal/child_process.js:877:16)
14 verbose stack     at Process.ChildProcess._handle.onexit (internal/child_process.js:226:5)
15 verbose pkgid sencha-pwa-server@1.0.0
16 verbose cwd /Users/mbrocato/Code/SenchaCon2016/PWA/server
17 error Darwin 15.5.0
18 error argv "/Users/mbrocato/.nvm/versions/node/v6.8.1/bin/node" "/Users/mbrocato/.nvm/versions/node/v6.8.1/bin/npm" "start"
19 error node v6.8.1
20 error npm  v3.10.8
21 error code ELIFECYCLE
22 error sencha-pwa-server@1.0.0 start: `node .`
22 error Exit status 1
23 error Failed at the sencha-pwa-server@1.0.0 start script 'node .'.
23 error Make sure you have the latest version of node.js and npm installed.
23 error If you do, this is most likely a problem with the sencha-pwa-server package,
23 error not with npm itself.
23 error Tell the author that this fails on your system:
23 error     node .
23 error You can get information on how to open an issue for this project with:
23 error     npm bugs sencha-pwa-server
23 error Or if that isn't available, you can get their info via:
23 error     npm owner ls sencha-pwa-server
23 error There is likely additional logging output above.
24 verbose exit [ 1, true ]
